go tool pprof -top -diff_base=.\profiles\base.pprof .\profiles\result.pprof

File: main.exe
Type: inuse_space
Time: Dec 21, 2023 at 1:46pm (MSK)
Showing nodes accounting for 4.02MB, 100% of 4.02MB total
      flat  flat%   sum%        cum   cum%
    1.01MB 25.13% 25.13%     1.01MB 25.13%  github.com/go-playground/validator/v10.map.init.1
    1.01MB 25.13% 50.26%     1.01MB 25.13%  regexp/syntax.(*compiler).inst (inline)
       1MB 24.87% 75.13%        1MB 24.87%  regexp/syntax.(*parser).newRegexp (inline)
       1MB 24.87%   100%        1MB 24.87%  github.com/gabriel-vasile/mimetype/internal/magic.init
         0     0%   100%     2.02MB 50.26%  github.com/go-playground/validator/v10.init
         0     0%   100%        1MB 24.87%  github.com/go-playground/validator/v10.init.0
         0     0%   100%     2.01MB 50.00%  regexp.Compile (inline)
         0     0%   100%     2.01MB 50.00%  regexp.MustCompile
         0     0%   100%     2.01MB 50.00%  regexp.compile
         0     0%   100%     1.01MB 25.13%  regexp/syntax.(*compiler).compile
         0     0%   100%     1.01MB 25.13%  regexp/syntax.(*compiler).rune
         0     0%   100%        1MB 24.87%  regexp/syntax.(*parser).literal
         0     0%   100%     1.01MB 25.13%  regexp/syntax.Compile
         0     0%   100%        1MB 24.87%  regexp/syntax.Parse (inline)
         0     0%   100%        1MB 24.87%  regexp/syntax.parse
         0     0%   100%     4.02MB   100%  runtime.doInit (inline)
         0     0%   100%     4.02MB   100%  runtime.doInit1
         0     0%   100%     4.02MB   100%  runtime.main